<?xml version="1.0" encoding="UTF-8"?>
<!-- Generated by org.testng.reporters.JUnitReportReporter -->
<testsuite skipped="0" hostname="LENOVO-PC" name="GET_Test_01" tests="1" failures="0" timestamp="2020-06-26T17:14:23 IST" time="5.000" errors="0">
  <testcase name="tc_02" time="5.000" classname="GET_Test_01"/>
  <system-out/>
</testsuite> <!-- GET_Test_01 -->
